                                      1 ;--------------------------------------------------------
                                      2 ; File Created by SDCC : free open source ANSI-C Compiler
                                      3 ; Version 4.2.0 #13081 (MINGW64)
                                      4 ;--------------------------------------------------------
                                      5 	.module main
                                      6 	.optsdcc -mmcs51 --model-small
                                      7 	
                                      8 ;--------------------------------------------------------
                                      9 ; Public variables in this module
                                     10 ;--------------------------------------------------------
                                     11 	.globl _main
                                     12 	.globl _UART1_ISR
                                     13 	.globl _Timer0_ISR
                                     14 	.globl _writeAprom
                                     15 	.globl _eraseAprom
                                     16 	.globl _readConfig
                                     17 	.globl _ispRead4Bytes
                                     18 	.globl _sendPack
                                     19 	.globl _calcChecksum
                                     20 	.globl _MOSI
                                     21 	.globl _P00
                                     22 	.globl _MISO
                                     23 	.globl _P01
                                     24 	.globl _RXD_1
                                     25 	.globl _P02
                                     26 	.globl _P03
                                     27 	.globl _STADC
                                     28 	.globl _P04
                                     29 	.globl _P05
                                     30 	.globl _TXD
                                     31 	.globl _P06
                                     32 	.globl _RXD
                                     33 	.globl _P07
                                     34 	.globl _IT0
                                     35 	.globl _IE0
                                     36 	.globl _IT1
                                     37 	.globl _IE1
                                     38 	.globl _TR0
                                     39 	.globl _TF0
                                     40 	.globl _TR1
                                     41 	.globl _TF1
                                     42 	.globl _P10
                                     43 	.globl _P11
                                     44 	.globl _P12
                                     45 	.globl _SCL
                                     46 	.globl _P13
                                     47 	.globl _SDA
                                     48 	.globl _P14
                                     49 	.globl _P15
                                     50 	.globl _TXD_1
                                     51 	.globl _P16
                                     52 	.globl _P17
                                     53 	.globl _RI
                                     54 	.globl _TI
                                     55 	.globl _RB8
                                     56 	.globl _TB8
                                     57 	.globl _REN
                                     58 	.globl _SM2
                                     59 	.globl _SM1
                                     60 	.globl _FE
                                     61 	.globl _SM0
                                     62 	.globl _P20
                                     63 	.globl _EX0
                                     64 	.globl _ET0
                                     65 	.globl _EX1
                                     66 	.globl _ET1
                                     67 	.globl _ES
                                     68 	.globl _EBOD
                                     69 	.globl _EADC
                                     70 	.globl _EA
                                     71 	.globl _P30
                                     72 	.globl _PX0
                                     73 	.globl _PT0
                                     74 	.globl _PX1
                                     75 	.globl _PT1
                                     76 	.globl _PS
                                     77 	.globl _PBOD
                                     78 	.globl _PADC
                                     79 	.globl _I2CPX
                                     80 	.globl _AA
                                     81 	.globl _SI
                                     82 	.globl _STO
                                     83 	.globl _STA
                                     84 	.globl _I2CEN
                                     85 	.globl _CM_RL2
                                     86 	.globl _TR2
                                     87 	.globl _TF2
                                     88 	.globl _P
                                     89 	.globl _OV
                                     90 	.globl _RS0
                                     91 	.globl _RS1
                                     92 	.globl _F0
                                     93 	.globl _AC
                                     94 	.globl _CY
                                     95 	.globl _CLRPWM
                                     96 	.globl _PWMF
                                     97 	.globl _LOAD
                                     98 	.globl _PWMRUN
                                     99 	.globl _ADCHS0
                                    100 	.globl _ADCHS1
                                    101 	.globl _ADCHS2
                                    102 	.globl _ADCHS3
                                    103 	.globl _ETGSEL0
                                    104 	.globl _ETGSEL1
                                    105 	.globl _ADCS
                                    106 	.globl _ADCF
                                    107 	.globl _RI_1
                                    108 	.globl _TI_1
                                    109 	.globl _RB8_1
                                    110 	.globl _TB8_1
                                    111 	.globl _REN_1
                                    112 	.globl _SM2_1
                                    113 	.globl _SM1_1
                                    114 	.globl _FE_1
                                    115 	.globl _SM0_1
                                    116 	.globl _EIPH1
                                    117 	.globl _EIP1
                                    118 	.globl _PMD
                                    119 	.globl _PMEN
                                    120 	.globl _PDTCNT
                                    121 	.globl _PDTEN
                                    122 	.globl _SCON_1
                                    123 	.globl _EIPH
                                    124 	.globl _AINDIDS
                                    125 	.globl _SPDR
                                    126 	.globl _SPSR
                                    127 	.globl _SPCR2
                                    128 	.globl _SPCR
                                    129 	.globl _CAPCON4
                                    130 	.globl _CAPCON3
                                    131 	.globl _B
                                    132 	.globl _EIP
                                    133 	.globl _C2H
                                    134 	.globl _C2L
                                    135 	.globl _PIF
                                    136 	.globl _PIPEN
                                    137 	.globl _PINEN
                                    138 	.globl _PICON
                                    139 	.globl _ADCCON0
                                    140 	.globl _C1H
                                    141 	.globl _C1L
                                    142 	.globl _C0H
                                    143 	.globl _C0L
                                    144 	.globl _ADCDLY
                                    145 	.globl _ADCCON2
                                    146 	.globl _ADCCON1
                                    147 	.globl _ACC
                                    148 	.globl _PWMCON1
                                    149 	.globl _PIOCON0
                                    150 	.globl _PWM3L
                                    151 	.globl _PWM2L
                                    152 	.globl _PWM1L
                                    153 	.globl _PWM0L
                                    154 	.globl _PWMPL
                                    155 	.globl _PWMCON0
                                    156 	.globl _FBD
                                    157 	.globl _PNP
                                    158 	.globl _PWM3H
                                    159 	.globl _PWM2H
                                    160 	.globl _PWM1H
                                    161 	.globl _PWM0H
                                    162 	.globl _PWMPH
                                    163 	.globl _PSW
                                    164 	.globl _ADCMPH
                                    165 	.globl _ADCMPL
                                    166 	.globl _PWM5L
                                    167 	.globl _TH2
                                    168 	.globl _PWM4L
                                    169 	.globl _TL2
                                    170 	.globl _RCMP2H
                                    171 	.globl _RCMP2L
                                    172 	.globl _T2MOD
                                    173 	.globl _T2CON
                                    174 	.globl _TA
                                    175 	.globl _PIOCON1
                                    176 	.globl _RH3
                                    177 	.globl _PWM5H
                                    178 	.globl _RL3
                                    179 	.globl _PWM4H
                                    180 	.globl _T3CON
                                    181 	.globl _ADCRH
                                    182 	.globl _ADCRL
                                    183 	.globl _I2ADDR
                                    184 	.globl _I2CON
                                    185 	.globl _I2TOC
                                    186 	.globl _I2CLK
                                    187 	.globl _I2STAT
                                    188 	.globl _I2DAT
                                    189 	.globl _SADDR_1
                                    190 	.globl _SADEN_1
                                    191 	.globl _SADEN
                                    192 	.globl _IP
                                    193 	.globl _PWMINTC
                                    194 	.globl _IPH
                                    195 	.globl _P2S
                                    196 	.globl _P1SR
                                    197 	.globl _P1M2
                                    198 	.globl _P1S
                                    199 	.globl _P1M1
                                    200 	.globl _P0SR
                                    201 	.globl _P0M2
                                    202 	.globl _P0S
                                    203 	.globl _P0M1
                                    204 	.globl _P3
                                    205 	.globl _IAPCN
                                    206 	.globl _IAPFD
                                    207 	.globl _P3SR
                                    208 	.globl _P3M2
                                    209 	.globl _P3S
                                    210 	.globl _P3M1
                                    211 	.globl _BODCON1
                                    212 	.globl _WDCON
                                    213 	.globl _SADDR
                                    214 	.globl _IE
                                    215 	.globl _IAPAH
                                    216 	.globl _IAPAL
                                    217 	.globl _IAPUEN
                                    218 	.globl _IAPTRG
                                    219 	.globl _BODCON0
                                    220 	.globl _AUXR1
                                    221 	.globl _P2
                                    222 	.globl _CHPCON
                                    223 	.globl _EIE1
                                    224 	.globl _EIE
                                    225 	.globl _SBUF_1
                                    226 	.globl _SBUF
                                    227 	.globl _SCON
                                    228 	.globl _CKEN
                                    229 	.globl _CKSWT
                                    230 	.globl _CKDIV
                                    231 	.globl _CAPCON2
                                    232 	.globl _CAPCON1
                                    233 	.globl _CAPCON0
                                    234 	.globl _SFRS
                                    235 	.globl _P1
                                    236 	.globl _WKCON
                                    237 	.globl _CKCON
                                    238 	.globl _TH1
                                    239 	.globl _TH0
                                    240 	.globl _TL1
                                    241 	.globl _TL0
                                    242 	.globl _TMOD
                                    243 	.globl _TCON
                                    244 	.globl _PCON
                                    245 	.globl _RWK
                                    246 	.globl _RCTRIM1
                                    247 	.globl _RCTRIM0
                                    248 	.globl _DPH
                                    249 	.globl _DPL
                                    250 	.globl _SP
                                    251 	.globl _P0
                                    252 ;--------------------------------------------------------
                                    253 ; special function registers
                                    254 ;--------------------------------------------------------
                                    255 	.area RSEG    (ABS,DATA)
      000000                        256 	.org 0x0000
                           000080   257 _P0	=	0x0080
                           000081   258 _SP	=	0x0081
                           000082   259 _DPL	=	0x0082
                           000083   260 _DPH	=	0x0083
                           000084   261 _RCTRIM0	=	0x0084
                           000085   262 _RCTRIM1	=	0x0085
                           000086   263 _RWK	=	0x0086
                           000087   264 _PCON	=	0x0087
                           000088   265 _TCON	=	0x0088
                           000089   266 _TMOD	=	0x0089
                           00008A   267 _TL0	=	0x008a
                           00008B   268 _TL1	=	0x008b
                           00008C   269 _TH0	=	0x008c
                           00008D   270 _TH1	=	0x008d
                           00008E   271 _CKCON	=	0x008e
                           00008F   272 _WKCON	=	0x008f
                           000090   273 _P1	=	0x0090
                           000091   274 _SFRS	=	0x0091
                           000092   275 _CAPCON0	=	0x0092
                           000093   276 _CAPCON1	=	0x0093
                           000094   277 _CAPCON2	=	0x0094
                           000095   278 _CKDIV	=	0x0095
                           000096   279 _CKSWT	=	0x0096
                           000097   280 _CKEN	=	0x0097
                           000098   281 _SCON	=	0x0098
                           000099   282 _SBUF	=	0x0099
                           00009A   283 _SBUF_1	=	0x009a
                           00009B   284 _EIE	=	0x009b
                           00009C   285 _EIE1	=	0x009c
                           00009F   286 _CHPCON	=	0x009f
                           0000A0   287 _P2	=	0x00a0
                           0000A2   288 _AUXR1	=	0x00a2
                           0000A3   289 _BODCON0	=	0x00a3
                           0000A4   290 _IAPTRG	=	0x00a4
                           0000A5   291 _IAPUEN	=	0x00a5
                           0000A6   292 _IAPAL	=	0x00a6
                           0000A7   293 _IAPAH	=	0x00a7
                           0000A8   294 _IE	=	0x00a8
                           0000A9   295 _SADDR	=	0x00a9
                           0000AA   296 _WDCON	=	0x00aa
                           0000AB   297 _BODCON1	=	0x00ab
                           0000AC   298 _P3M1	=	0x00ac
                           0000AC   299 _P3S	=	0x00ac
                           0000AD   300 _P3M2	=	0x00ad
                           0000AD   301 _P3SR	=	0x00ad
                           0000AE   302 _IAPFD	=	0x00ae
                           0000AF   303 _IAPCN	=	0x00af
                           0000B0   304 _P3	=	0x00b0
                           0000B1   305 _P0M1	=	0x00b1
                           0000B1   306 _P0S	=	0x00b1
                           0000B2   307 _P0M2	=	0x00b2
                           0000B2   308 _P0SR	=	0x00b2
                           0000B3   309 _P1M1	=	0x00b3
                           0000B3   310 _P1S	=	0x00b3
                           0000B4   311 _P1M2	=	0x00b4
                           0000B4   312 _P1SR	=	0x00b4
                           0000B5   313 _P2S	=	0x00b5
                           0000B7   314 _IPH	=	0x00b7
                           0000B7   315 _PWMINTC	=	0x00b7
                           0000B8   316 _IP	=	0x00b8
                           0000B9   317 _SADEN	=	0x00b9
                           0000BA   318 _SADEN_1	=	0x00ba
                           0000BB   319 _SADDR_1	=	0x00bb
                           0000BC   320 _I2DAT	=	0x00bc
                           0000BD   321 _I2STAT	=	0x00bd
                           0000BE   322 _I2CLK	=	0x00be
                           0000BF   323 _I2TOC	=	0x00bf
                           0000C0   324 _I2CON	=	0x00c0
                           0000C1   325 _I2ADDR	=	0x00c1
                           0000C2   326 _ADCRL	=	0x00c2
                           0000C3   327 _ADCRH	=	0x00c3
                           0000C4   328 _T3CON	=	0x00c4
                           0000C4   329 _PWM4H	=	0x00c4
                           0000C5   330 _RL3	=	0x00c5
                           0000C5   331 _PWM5H	=	0x00c5
                           0000C6   332 _RH3	=	0x00c6
                           0000C6   333 _PIOCON1	=	0x00c6
                           0000C7   334 _TA	=	0x00c7
                           0000C8   335 _T2CON	=	0x00c8
                           0000C9   336 _T2MOD	=	0x00c9
                           0000CA   337 _RCMP2L	=	0x00ca
                           0000CB   338 _RCMP2H	=	0x00cb
                           0000CC   339 _TL2	=	0x00cc
                           0000CC   340 _PWM4L	=	0x00cc
                           0000CD   341 _TH2	=	0x00cd
                           0000CD   342 _PWM5L	=	0x00cd
                           0000CE   343 _ADCMPL	=	0x00ce
                           0000CF   344 _ADCMPH	=	0x00cf
                           0000D0   345 _PSW	=	0x00d0
                           0000D1   346 _PWMPH	=	0x00d1
                           0000D2   347 _PWM0H	=	0x00d2
                           0000D3   348 _PWM1H	=	0x00d3
                           0000D4   349 _PWM2H	=	0x00d4
                           0000D5   350 _PWM3H	=	0x00d5
                           0000D6   351 _PNP	=	0x00d6
                           0000D7   352 _FBD	=	0x00d7
                           0000D8   353 _PWMCON0	=	0x00d8
                           0000D9   354 _PWMPL	=	0x00d9
                           0000DA   355 _PWM0L	=	0x00da
                           0000DB   356 _PWM1L	=	0x00db
                           0000DC   357 _PWM2L	=	0x00dc
                           0000DD   358 _PWM3L	=	0x00dd
                           0000DE   359 _PIOCON0	=	0x00de
                           0000DF   360 _PWMCON1	=	0x00df
                           0000E0   361 _ACC	=	0x00e0
                           0000E1   362 _ADCCON1	=	0x00e1
                           0000E2   363 _ADCCON2	=	0x00e2
                           0000E3   364 _ADCDLY	=	0x00e3
                           0000E4   365 _C0L	=	0x00e4
                           0000E5   366 _C0H	=	0x00e5
                           0000E6   367 _C1L	=	0x00e6
                           0000E7   368 _C1H	=	0x00e7
                           0000E8   369 _ADCCON0	=	0x00e8
                           0000E9   370 _PICON	=	0x00e9
                           0000EA   371 _PINEN	=	0x00ea
                           0000EB   372 _PIPEN	=	0x00eb
                           0000EC   373 _PIF	=	0x00ec
                           0000ED   374 _C2L	=	0x00ed
                           0000EE   375 _C2H	=	0x00ee
                           0000EF   376 _EIP	=	0x00ef
                           0000F0   377 _B	=	0x00f0
                           0000F1   378 _CAPCON3	=	0x00f1
                           0000F2   379 _CAPCON4	=	0x00f2
                           0000F3   380 _SPCR	=	0x00f3
                           0000F3   381 _SPCR2	=	0x00f3
                           0000F4   382 _SPSR	=	0x00f4
                           0000F5   383 _SPDR	=	0x00f5
                           0000F6   384 _AINDIDS	=	0x00f6
                           0000F7   385 _EIPH	=	0x00f7
                           0000F8   386 _SCON_1	=	0x00f8
                           0000F9   387 _PDTEN	=	0x00f9
                           0000FA   388 _PDTCNT	=	0x00fa
                           0000FB   389 _PMEN	=	0x00fb
                           0000FC   390 _PMD	=	0x00fc
                           0000FE   391 _EIP1	=	0x00fe
                           0000FF   392 _EIPH1	=	0x00ff
                                    393 ;--------------------------------------------------------
                                    394 ; special function bits
                                    395 ;--------------------------------------------------------
                                    396 	.area RSEG    (ABS,DATA)
      000000                        397 	.org 0x0000
                           0000FF   398 _SM0_1	=	0x00ff
                           0000FF   399 _FE_1	=	0x00ff
                           0000FE   400 _SM1_1	=	0x00fe
                           0000FD   401 _SM2_1	=	0x00fd
                           0000FC   402 _REN_1	=	0x00fc
                           0000FB   403 _TB8_1	=	0x00fb
                           0000FA   404 _RB8_1	=	0x00fa
                           0000F9   405 _TI_1	=	0x00f9
                           0000F8   406 _RI_1	=	0x00f8
                           0000EF   407 _ADCF	=	0x00ef
                           0000EE   408 _ADCS	=	0x00ee
                           0000ED   409 _ETGSEL1	=	0x00ed
                           0000EC   410 _ETGSEL0	=	0x00ec
                           0000EB   411 _ADCHS3	=	0x00eb
                           0000EA   412 _ADCHS2	=	0x00ea
                           0000E9   413 _ADCHS1	=	0x00e9
                           0000E8   414 _ADCHS0	=	0x00e8
                           0000DF   415 _PWMRUN	=	0x00df
                           0000DE   416 _LOAD	=	0x00de
                           0000DD   417 _PWMF	=	0x00dd
                           0000DC   418 _CLRPWM	=	0x00dc
                           0000D7   419 _CY	=	0x00d7
                           0000D6   420 _AC	=	0x00d6
                           0000D5   421 _F0	=	0x00d5
                           0000D4   422 _RS1	=	0x00d4
                           0000D3   423 _RS0	=	0x00d3
                           0000D2   424 _OV	=	0x00d2
                           0000D0   425 _P	=	0x00d0
                           0000CF   426 _TF2	=	0x00cf
                           0000CA   427 _TR2	=	0x00ca
                           0000C8   428 _CM_RL2	=	0x00c8
                           0000C6   429 _I2CEN	=	0x00c6
                           0000C5   430 _STA	=	0x00c5
                           0000C4   431 _STO	=	0x00c4
                           0000C3   432 _SI	=	0x00c3
                           0000C2   433 _AA	=	0x00c2
                           0000C0   434 _I2CPX	=	0x00c0
                           0000BE   435 _PADC	=	0x00be
                           0000BD   436 _PBOD	=	0x00bd
                           0000BC   437 _PS	=	0x00bc
                           0000BB   438 _PT1	=	0x00bb
                           0000BA   439 _PX1	=	0x00ba
                           0000B9   440 _PT0	=	0x00b9
                           0000B8   441 _PX0	=	0x00b8
                           0000B0   442 _P30	=	0x00b0
                           0000AF   443 _EA	=	0x00af
                           0000AE   444 _EADC	=	0x00ae
                           0000AD   445 _EBOD	=	0x00ad
                           0000AC   446 _ES	=	0x00ac
                           0000AB   447 _ET1	=	0x00ab
                           0000AA   448 _EX1	=	0x00aa
                           0000A9   449 _ET0	=	0x00a9
                           0000A8   450 _EX0	=	0x00a8
                           0000A0   451 _P20	=	0x00a0
                           00009F   452 _SM0	=	0x009f
                           00009F   453 _FE	=	0x009f
                           00009E   454 _SM1	=	0x009e
                           00009D   455 _SM2	=	0x009d
                           00009C   456 _REN	=	0x009c
                           00009B   457 _TB8	=	0x009b
                           00009A   458 _RB8	=	0x009a
                           000099   459 _TI	=	0x0099
                           000098   460 _RI	=	0x0098
                           000097   461 _P17	=	0x0097
                           000096   462 _P16	=	0x0096
                           000096   463 _TXD_1	=	0x0096
                           000095   464 _P15	=	0x0095
                           000094   465 _P14	=	0x0094
                           000094   466 _SDA	=	0x0094
                           000093   467 _P13	=	0x0093
                           000093   468 _SCL	=	0x0093
                           000092   469 _P12	=	0x0092
                           000091   470 _P11	=	0x0091
                           000090   471 _P10	=	0x0090
                           00008F   472 _TF1	=	0x008f
                           00008E   473 _TR1	=	0x008e
                           00008D   474 _TF0	=	0x008d
                           00008C   475 _TR0	=	0x008c
                           00008B   476 _IE1	=	0x008b
                           00008A   477 _IT1	=	0x008a
                           000089   478 _IE0	=	0x0089
                           000088   479 _IT0	=	0x0088
                           000087   480 _P07	=	0x0087
                           000087   481 _RXD	=	0x0087
                           000086   482 _P06	=	0x0086
                           000086   483 _TXD	=	0x0086
                           000085   484 _P05	=	0x0085
                           000084   485 _P04	=	0x0084
                           000084   486 _STADC	=	0x0084
                           000083   487 _P03	=	0x0083
                           000082   488 _P02	=	0x0082
                           000082   489 _RXD_1	=	0x0082
                           000081   490 _P01	=	0x0081
                           000081   491 _MISO	=	0x0081
                           000080   492 _P00	=	0x0080
                           000080   493 _MOSI	=	0x0080
                                    494 ;--------------------------------------------------------
                                    495 ; overlayable register banks
                                    496 ;--------------------------------------------------------
                                    497 	.area REG_BANK_0	(REL,OVR,DATA)
      000000                        498 	.ds 8
                                    499 ;--------------------------------------------------------
                                    500 ; internal ram data
                                    501 ;--------------------------------------------------------
                                    502 	.area DSEG    (DATA)
                                    503 ;--------------------------------------------------------
                                    504 ; overlayable items in internal ram
                                    505 ;--------------------------------------------------------
                                    506 ;--------------------------------------------------------
                                    507 ; Stack segment in internal ram
                                    508 ;--------------------------------------------------------
                                    509 	.area	SSEG
      000000                        510 __start__stack:
      000000                        511 	.ds	1
                                    512 
                                    513 ;--------------------------------------------------------
                                    514 ; indirectly addressable internal ram data
                                    515 ;--------------------------------------------------------
                                    516 	.area ISEG    (DATA)
                                    517 ;--------------------------------------------------------
                                    518 ; absolute internal ram data
                                    519 ;--------------------------------------------------------
                                    520 	.area IABS    (ABS,DATA)
                                    521 	.area IABS    (ABS,DATA)
                                    522 ;--------------------------------------------------------
                                    523 ; bit data
                                    524 ;--------------------------------------------------------
                                    525 	.area BSEG    (BIT)
                                    526 ;--------------------------------------------------------
                                    527 ; paged external ram data
                                    528 ;--------------------------------------------------------
                                    529 	.area PSEG    (PAG,XDATA)
                                    530 ;--------------------------------------------------------
                                    531 ; external ram data
                                    532 ;--------------------------------------------------------
                                    533 	.area XSEG    (XDATA)
                                    534 ;--------------------------------------------------------
                                    535 ; absolute external ram data
                                    536 ;--------------------------------------------------------
                                    537 	.area XABS    (ABS,XDATA)
                                    538 ;--------------------------------------------------------
                                    539 ; external initialized ram data
                                    540 ;--------------------------------------------------------
                                    541 	.area XISEG   (XDATA)
                                    542 	.area HOME    (CODE)
                                    543 	.area GSINIT0 (CODE)
                                    544 	.area GSINIT1 (CODE)
                                    545 	.area GSINIT2 (CODE)
                                    546 	.area GSINIT3 (CODE)
                                    547 	.area GSINIT4 (CODE)
                                    548 	.area GSINIT5 (CODE)
                                    549 	.area GSINIT  (CODE)
                                    550 	.area GSFINAL (CODE)
                                    551 	.area CSEG    (CODE)
                                    552 ;--------------------------------------------------------
                                    553 ; interrupt vector
                                    554 ;--------------------------------------------------------
                                    555 	.area HOME    (CODE)
      000000                        556 __interrupt_vect:
      000000 02r00r00         [24]  557 	ljmp	__sdcc_gsinit_startup
      000003 32               [24]  558 	reti
      000004                        559 	.ds	7
      00000B 02r00r00         [24]  560 	ljmp	_Timer0_ISR
      00000E                        561 	.ds	5
      000013 32               [24]  562 	reti
      000014                        563 	.ds	7
      00001B 32               [24]  564 	reti
      00001C                        565 	.ds	7
      000023 32               [24]  566 	reti
      000024                        567 	.ds	7
      00002B 32               [24]  568 	reti
      00002C                        569 	.ds	7
      000033 32               [24]  570 	reti
      000034                        571 	.ds	7
      00003B 32               [24]  572 	reti
      00003C                        573 	.ds	7
      000043 32               [24]  574 	reti
      000044                        575 	.ds	7
      00004B 32               [24]  576 	reti
      00004C                        577 	.ds	7
      000053 32               [24]  578 	reti
      000054                        579 	.ds	7
      00005B 32               [24]  580 	reti
      00005C                        581 	.ds	7
      000063 32               [24]  582 	reti
      000064                        583 	.ds	7
      00006B 32               [24]  584 	reti
      00006C                        585 	.ds	7
      000073 32               [24]  586 	reti
      000074                        587 	.ds	7
      00007B 02r00r3C         [24]  588 	ljmp	_UART1_ISR
                                    589 ;--------------------------------------------------------
                                    590 ; global & static initialisations
                                    591 ;--------------------------------------------------------
                                    592 	.area HOME    (CODE)
                                    593 	.area GSINIT  (CODE)
                                    594 	.area GSFINAL (CODE)
                                    595 	.area GSINIT  (CODE)
                                    596 	.globl __sdcc_gsinit_startup
                                    597 	.globl __sdcc_program_startup
                                    598 	.globl __start__stack
                                    599 	.globl __mcs51_genXINIT
                                    600 	.globl __mcs51_genXRAMCLEAR
                                    601 	.globl __mcs51_genRAMCLEAR
                                    602 	.area GSFINAL (CODE)
      000000 02r00r7E         [24]  603 	ljmp	__sdcc_program_startup
                                    604 ;--------------------------------------------------------
                                    605 ; Home
                                    606 ;--------------------------------------------------------
                                    607 	.area HOME    (CODE)
                                    608 	.area HOME    (CODE)
      00007E                        609 __sdcc_program_startup:
      00007E 02r00r71         [24]  610 	ljmp	_main
                                    611 ;	return from main will return to caller
                                    612 ;--------------------------------------------------------
                                    613 ; code
                                    614 ;--------------------------------------------------------
                                    615 	.area CSEG    (CODE)
                                    616 ;------------------------------------------------------------
                                    617 ;Allocation info for local variables in function 'Timer0_ISR'
                                    618 ;------------------------------------------------------------
                                    619 ;	src\main.c:12: void Timer0_ISR(void) __interrupt (1)
                                    620 ;	-----------------------------------------
                                    621 ;	 function Timer0_ISR
                                    622 ;	-----------------------------------------
      000000                        623 _Timer0_ISR:
                           000007   624 	ar7 = 0x07
                           000006   625 	ar6 = 0x06
                           000005   626 	ar5 = 0x05
                           000004   627 	ar4 = 0x04
                           000003   628 	ar3 = 0x03
                           000002   629 	ar2 = 0x02
                           000001   630 	ar1 = 0x01
                           000000   631 	ar0 = 0x00
      000000 C0 E0            [24]  632 	push	acc
      000002 C0 07            [24]  633 	push	ar7
      000004 C0 06            [24]  634 	push	ar6
      000006 C0 D0            [24]  635 	push	psw
      000008 75 D0 00         [24]  636 	mov	psw,#0x00
                                    637 ;	src\main.c:15: if (timerIsp && --timerIsp == 0) timerIspOver = TRUE;
      00000B E5*00            [12]  638 	mov	a,_timerIsp
      00000D 45*01            [12]  639 	orl	a,(_timerIsp + 1)
      00000F 60 14            [24]  640 	jz	00102$
      000011 E5*00            [12]  641 	mov	a,_timerIsp
      000013 24 FF            [12]  642 	add	a,#0xff
      000015 FE               [12]  643 	mov	r6,a
      000016 E5*01            [12]  644 	mov	a,(_timerIsp + 1)
      000018 34 FF            [12]  645 	addc	a,#0xff
      00001A FF               [12]  646 	mov	r7,a
      00001B 8E*00            [24]  647 	mov	_timerIsp,r6
      00001D 8F*01            [24]  648 	mov	(_timerIsp + 1),r7
      00001F EE               [12]  649 	mov	a,r6
      000020 4F               [12]  650 	orl	a,r7
      000021 70 02            [24]  651 	jnz	00102$
                                    652 ;	assignBit
      000023 D2*00            [12]  653 	setb	_timerIspOver
      000025                        654 00102$:
                                    655 ;	src\main.c:16: if (timerUart && --timerUart == 0) timerUartOver = TRUE;
      000025 E5*00            [12]  656 	mov	a,_timerUart
      000027 60 0A            [24]  657 	jz	00107$
      000029 E5*00            [12]  658 	mov	a,_timerUart
      00002B 14               [12]  659 	dec	a
      00002C FF               [12]  660 	mov	r7,a
      00002D 8F*00            [24]  661 	mov	_timerUart,r7
      00002F 70 02            [24]  662 	jnz	00107$
                                    663 ;	assignBit
      000031 D2*00            [12]  664 	setb	_timerUartOver
      000033                        665 00107$:
                                    666 ;	src\main.c:17: }
      000033 D0 D0            [24]  667 	pop	psw
      000035 D0 06            [24]  668 	pop	ar6
      000037 D0 07            [24]  669 	pop	ar7
      000039 D0 E0            [24]  670 	pop	acc
      00003B 32               [24]  671 	reti
                                    672 ;	eliminated unneeded push/pop dpl
                                    673 ;	eliminated unneeded push/pop dph
                                    674 ;	eliminated unneeded push/pop b
                                    675 ;------------------------------------------------------------
                                    676 ;Allocation info for local variables in function 'UART1_ISR'
                                    677 ;------------------------------------------------------------
                                    678 ;	src\main.c:25: void UART_ISR(void) __interrupt (UART_ISR_NUMBER)
                                    679 ;	-----------------------------------------
                                    680 ;	 function UART1_ISR
                                    681 ;	-----------------------------------------
      00003C                        682 _UART1_ISR:
      00003C C0 E0            [24]  683 	push	acc
      00003E C0 07            [24]  684 	push	ar7
      000040 C0 00            [24]  685 	push	ar0
      000042 C0 D0            [24]  686 	push	psw
      000044 75 D0 00         [24]  687 	mov	psw,#0x00
                                    688 ;	src\main.c:28: UART_INTERRUPT_RX_FLAG = 0;
                                    689 ;	assignBit
      000047 C2 F8            [12]  690 	clr	_RI_1
                                    691 ;	src\main.c:29: uartBuf[indexRx++] = UART_SBUF;
      000049 E5*00            [12]  692 	mov	a,_indexRx
      00004B FF               [12]  693 	mov	r7,a
      00004C 04               [12]  694 	inc	a
      00004D F5*00            [12]  695 	mov	_indexRx,a
      00004F EF               [12]  696 	mov	a,r7
      000050 24r00            [12]  697 	add	a,#_uartBuf
      000052 F8               [12]  698 	mov	r0,a
      000053 A6 9A            [24]  699 	mov	@r0,_SBUF_1
                                    700 ;	src\main.c:30: if (indexRx == 1){
      000055 74 01            [12]  701 	mov	a,#0x01
      000057 B5*00 07         [24]  702 	cjne	a,_indexRx,00104$
                                    703 ;	src\main.c:31: timerUart = UART_TIMOUT;
      00005A 75*00 05         [24]  704 	mov	_timerUart,#0x05
                                    705 ;	src\main.c:32: timerUartOver = FALSE;
                                    706 ;	assignBit
      00005D C2*00            [12]  707 	clr	_timerUartOver
      00005F 80 07            [24]  708 	sjmp	00106$
      000061                        709 00104$:
                                    710 ;	src\main.c:34: else if (indexRx == PACK_SIZE) DISABLE_GLOBAL_INTERRUPT;
      000061 74 40            [12]  711 	mov	a,#0x40
      000063 B5*00 02         [24]  712 	cjne	a,_indexRx,00106$
                                    713 ;	assignBit
      000066 C2 AF            [12]  714 	clr	_EA
      000068                        715 00106$:
                                    716 ;	src\main.c:35: }
      000068 D0 D0            [24]  717 	pop	psw
      00006A D0 00            [24]  718 	pop	ar0
      00006C D0 07            [24]  719 	pop	ar7
      00006E D0 E0            [24]  720 	pop	acc
      000070 32               [24]  721 	reti
                                    722 ;	eliminated unneeded push/pop ar1
                                    723 ;	eliminated unneeded push/pop dpl
                                    724 ;	eliminated unneeded push/pop dph
                                    725 ;	eliminated unneeded push/pop b
                                    726 ;------------------------------------------------------------
                                    727 ;Allocation info for local variables in function 'main'
                                    728 ;------------------------------------------------------------
                                    729 ;hircMap0                  Allocated to registers r6 
                                    730 ;hircMap1                  Allocated to registers r7 
                                    731 ;trim                      Allocated to registers r7 
                                    732 ;------------------------------------------------------------
                                    733 ;	src\main.c:37: void main (void)
                                    734 ;	-----------------------------------------
                                    735 ;	 function main
                                    736 ;	-----------------------------------------
      000071                        737 _main:
                                    738 ;	src\main.c:72: IAPAH = 0x00;
      000071 75 A7 00         [24]  739 	mov	_IAPAH,#0x00
                                    740 ;	src\main.c:74: IAPAL = HIRC_16_MHz;
      000074 75 A6 30         [24]  741 	mov	_IAPAL,#0x30
                                    742 ;	src\main.c:75: IAPTRG |= 0x01;
      000077 43 A4 01         [24]  743 	orl	_IAPTRG,#0x01
                                    744 ;	src\main.c:76: uint8_t hircMap0 = IAPFD;
      00007A AF AE            [24]  745 	mov	r7,_IAPFD
                                    746 ;	src\main.c:78: IAPAL = HIRC_16_MHz+1;
      00007C 75 A6 31         [24]  747 	mov	_IAPAL,#0x31
                                    748 ;	src\main.c:79: IAPTRG |= 0x01;
      00007F 43 A4 01         [24]  749 	orl	_IAPTRG,#0x01
                                    750 ;	src\main.c:80: uint8_t hircMap1 = IAPFD;
      000082 AE AE            [24]  751 	mov	r6,_IAPFD
                                    752 ;	src\main.c:83: uint8_t trim = ((hircMap0 << 1) | (hircMap1 & 1)) - (15-CLK_TRIM_STEPS);
      000084 EF               [12]  753 	mov	a,r7
      000085 2F               [12]  754 	add	a,r7
      000086 FF               [12]  755 	mov	r7,a
      000087 74 01            [12]  756 	mov	a,#0x01
      000089 5E               [12]  757 	anl	a,r6
      00008A 4F               [12]  758 	orl	a,r7
      00008B 24 F3            [12]  759 	add	a,#0xf3
                                    760 ;	src\main.c:84: hircMap0 = trim >> 1;
      00008D FF               [12]  761 	mov	r7,a
      00008E C3               [12]  762 	clr	c
      00008F 13               [12]  763 	rrc	a
      000090 FE               [12]  764 	mov	r6,a
                                    765 ;	src\main.c:85: hircMap1 = trim & 1;
      000091 53 07 01         [24]  766 	anl	ar7,#0x01
                                    767 ;	src\main.c:87: TA = 0xAA; TA = 0x55;
      000094 75 C7 AA         [24]  768 	mov	_TA,#0xaa
      000097 75 C7 55         [24]  769 	mov	_TA,#0x55
                                    770 ;	src\main.c:88: RCTRIM0 = hircMap0;
      00009A 8E 84            [24]  771 	mov	_RCTRIM0,r6
                                    772 ;	src\main.c:90: TA = 0xAA; TA = 0x55;
      00009C 75 C7 AA         [24]  773 	mov	_TA,#0xaa
      00009F 75 C7 55         [24]  774 	mov	_TA,#0x55
                                    775 ;	src\main.c:91: RCTRIM1 = hircMap1;
      0000A2 8F 85            [24]  776 	mov	_RCTRIM1,r7
                                    777 ;	src\main.c:115: RH3 = HIBYTE(65536 - 9);  // 255 = 0xFF
      0000A4 75 C6 FF         [24]  778 	mov	_RH3,#0xff
                                    779 ;	src\main.c:116: RL3 = LOBYTE(65536 - 9);  // 247 = 0xF7
      0000A7 75 C5 F7         [24]  780 	mov	_RL3,#0xf7
                                    781 ;	src\main.c:154: SCON_1 = 0x50;
      0000AA 75 F8 50         [24]  782 	mov	_SCON_1,#0x50
                                    783 ;	src\main.c:156: T3CON = 0x88;
      0000AD 75 C4 88         [24]  784 	mov	_T3CON,#0x88
                                    785 ;	src\main.c:158: P16_QUASI_MODE;
      0000B0 53 B3 BF         [24]  786 	anl	_P1M1,#0xbf
      0000B3 53 B4 BF         [24]  787 	anl	_P1M2,#0xbf
                                    788 ;	src\main.c:159: ENABLE_UART1_INTERRUPT;
      0000B6 43 9C 01         [24]  789 	orl	_EIE1,#0x01
                                    790 ;	src\main.c:163: set_TCON_TR0;
                                    791 ;	assignBit
      0000B9 D2 8C            [12]  792 	setb	_TR0
                                    793 ;	src\main.c:164: ENABLE_TIMER0_INTERRUPT;
                                    794 ;	assignBit
      0000BB D2 A9            [12]  795 	setb	_ET0
                                    796 ;	src\main.c:166: TA = 0xAA; TA = 0x55;
      0000BD 75 C7 AA         [24]  797 	mov	_TA,#0xaa
      0000C0 75 C7 55         [24]  798 	mov	_TA,#0x55
                                    799 ;	src\main.c:167: CHPCON |= 0x01;
      0000C3 43 9F 01         [24]  800 	orl	_CHPCON,#0x01
                                    801 ;	src\main.c:168: ENABLE_GLOBAL_INTERRUPT;
                                    802 ;	assignBit
      0000C6 D2 AF            [12]  803 	setb	_EA
                                    804 ;	src\main.c:170: while(1){
      0000C8                        805 00122$:
                                    806 ;	src\main.c:171: if (!EA){
      0000C8 30 AF 03         [24]  807 	jnb	_EA,00200$
      0000CB 02r01r75         [24]  808 	ljmp	00116$
      0000CE                        809 00200$:
                                    810 ;	src\main.c:172: if (isApromUpdate) writeAprom(NEXT);
      0000CE 30*00 06         [24]  811 	jnb	_isApromUpdate,00102$
      0000D1 75 82 08         [24]  812 	mov	dpl,#0x08
      0000D4 12r00r00         [24]  813 	lcall	_writeAprom
      0000D7                        814 00102$:
                                    815 ;	src\main.c:173: switch (uartBuf[0]){
      0000D7 AF*00            [24]  816 	mov	r7,_uartBuf
      0000D9 BF A0 02         [24]  817 	cjne	r7,#0xa0,00202$
      0000DC 80 68            [24]  818 	sjmp	00111$
      0000DE                        819 00202$:
      0000DE BF A2 02         [24]  820 	cjne	r7,#0xa2,00203$
      0000E1 80 53            [24]  821 	sjmp	00109$
      0000E3                        822 00203$:
      0000E3 BF A3 02         [24]  823 	cjne	r7,#0xa3,00204$
      0000E6 80 53            [24]  824 	sjmp	00110$
      0000E8                        825 00204$:
      0000E8 BF A4 02         [24]  826 	cjne	r7,#0xa4,00205$
      0000EB 80 15            [24]  827 	sjmp	00104$
      0000ED                        828 00205$:
      0000ED BF A6 02         [24]  829 	cjne	r7,#0xa6,00206$
      0000F0 80 39            [24]  830 	sjmp	00108$
      0000F2                        831 00206$:
      0000F2 BF AB 03         [24]  832 	cjne	r7,#0xab,00207$
      0000F5 02r01r81         [24]  833 	ljmp	00124$
      0000F8                        834 00207$:
      0000F8 BF AE 02         [24]  835 	cjne	r7,#0xae,00208$
      0000FB 80 05            [24]  836 	sjmp	00104$
      0000FD                        837 00208$:
                                    838 ;	src\main.c:175: case CMD_SYNC_PACKNO:
      0000FD BF B1 6D         [24]  839 	cjne	r7,#0xb1,00114$
      000100 80 0D            [24]  840 	sjmp	00105$
      000102                        841 00104$:
                                    842 ;	src\main.c:176: calcChecksum();
      000102 12r00r00         [24]  843 	lcall	_calcChecksum
                                    844 ;	src\main.c:177: sendPack();
      000105 12r00r00         [24]  845 	lcall	_sendPack
                                    846 ;	src\main.c:179: timerIsp = 0;
      000108 E4               [12]  847 	clr	a
      000109 F5*00            [12]  848 	mov	_timerIsp,a
      00010B F5*01            [12]  849 	mov	(_timerIsp + 1),a
                                    850 ;	src\main.c:180: break;
                                    851 ;	src\main.c:183: case CMD_GET_DEVICEID:
      00010D 80 5E            [24]  852 	sjmp	00114$
      00010F                        853 00105$:
                                    854 ;	src\main.c:184: ispRead4Bytes(READ_ID_TYPE);
      00010F 75 82 0C         [24]  855 	mov	dpl,#0x0c
      000112 12r00r00         [24]  856 	lcall	_ispRead4Bytes
                                    857 ;	src\main.c:185: uartBuf[8]  = temp4bytes.DID_low;
      000115 85*00*08         [24]  858 	mov	(_uartBuf + 0x0008),_temp4bytes
                                    859 ;	src\main.c:186: uartBuf[9]  = temp4bytes.DID_high;
      000118 85*01*09         [24]  860 	mov	(_uartBuf + 0x0009),(_temp4bytes + 0x0001)
                                    861 ;	src\main.c:188: if (temp4bytes.DID_high == 0x67){
      00011B 74 67            [12]  862 	mov	a,#0x67
      00011D B5*01 06         [24]  863 	cjne	a,(_temp4bytes + 0x0001),00107$
                                    864 ;	src\main.c:190: uartBuf[10] = temp4bytes.PID_low;
      000120 85*02*0A         [24]  865 	mov	(_uartBuf + 0x000a),(_temp4bytes + 0x0002)
                                    866 ;	src\main.c:191: uartBuf[11] = temp4bytes.PID_high;
      000123 85*03*0B         [24]  867 	mov	(_uartBuf + 0x000b),(_temp4bytes + 0x0003)
      000126                        868 00107$:
                                    869 ;	src\main.c:195: sendPack();  
      000126 12r00r00         [24]  870 	lcall	_sendPack
                                    871 ;	src\main.c:196: break;
                                    872 ;	src\main.c:198: case CMD_GET_FWVER:
      000129 80 42            [24]  873 	sjmp	00114$
      00012B                        874 00108$:
                                    875 ;	src\main.c:199: calcChecksum();
      00012B 12r00r00         [24]  876 	lcall	_calcChecksum
                                    877 ;	src\main.c:200: uartBuf[8] = FW_VERSION;
      00012E 75*08 29         [24]  878 	mov	(_uartBuf + 0x0008),#0x29
                                    879 ;	src\main.c:201: sendPack();  
      000131 12r00r00         [24]  880 	lcall	_sendPack
                                    881 ;	src\main.c:202: break;
                                    882 ;	src\main.c:204: case CMD_READ_CONFIG:
      000134 80 37            [24]  883 	sjmp	00114$
      000136                        884 00109$:
                                    885 ;	src\main.c:205: readConfig();
      000136 12r00r00         [24]  886 	lcall	_readConfig
                                    887 ;	src\main.c:206: break;
                                    888 ;	src\main.c:208: case CMD_ERASE_ALL:
      000139 80 32            [24]  889 	sjmp	00114$
      00013B                        890 00110$:
                                    891 ;	src\main.c:209: eraseAprom();
      00013B 12r00r00         [24]  892 	lcall	_eraseAprom
                                    893 ;	src\main.c:210: calcChecksum();
      00013E 12r00r00         [24]  894 	lcall	_calcChecksum
                                    895 ;	src\main.c:211: sendPack();
      000141 12r00r00         [24]  896 	lcall	_sendPack
                                    897 ;	src\main.c:212: break;
                                    898 ;	src\main.c:214: case CMD_UPDATE_APROM:
      000144 80 27            [24]  899 	sjmp	00114$
      000146                        900 00111$:
                                    901 ;	src\main.c:215: eraseAprom();
      000146 12r00r00         [24]  902 	lcall	_eraseAprom
                                    903 ;	src\main.c:216: flashAddress = 0;
      000149 E4               [12]  904 	clr	a
      00014A F5*00            [12]  905 	mov	_flashAddress,a
      00014C F5*01            [12]  906 	mov	(_flashAddress + 1),a
                                    907 ;	src\main.c:217: programSize  = uartBuf[12];
      00014E 85*0C*00         [24]  908 	mov	_programSize,(_uartBuf + 0x000c)
                                    909 ;	1-genFromRTrack replaced	mov	(_programSize + 1),#0x00
      000151 F5*01            [12]  910 	mov	(_programSize + 1),a
                                    911 ;	src\main.c:218: programSize |= uartBuf[13] << 8;
      000153 AF*0D            [24]  912 	mov	r7,(_uartBuf + 0x000d)
      000155 7E 00            [12]  913 	mov	r6,#0x00
      000157 AC*00            [24]  914 	mov	r4,_programSize
      000159 AD*01            [24]  915 	mov	r5,(_programSize + 1)
      00015B EC               [12]  916 	mov	a,r4
      00015C 42 06            [12]  917 	orl	ar6,a
      00015E ED               [12]  918 	mov	a,r5
      00015F 42 07            [12]  919 	orl	ar7,a
      000161 8E*00            [24]  920 	mov	_programSize,r6
      000163 8F*01            [24]  921 	mov	(_programSize + 1),r7
                                    922 ;	src\main.c:219: isApromUpdate = TRUE;
                                    923 ;	assignBit
      000165 D2*00            [12]  924 	setb	_isApromUpdate
                                    925 ;	src\main.c:220: writeAprom(FIRST);
      000167 75 82 10         [24]  926 	mov	dpl,#0x10
      00016A 12r00r00         [24]  927 	lcall	_writeAprom
                                    928 ;	src\main.c:267: }
      00016D                        929 00114$:
                                    930 ;	src\main.c:268: timerUart = 0;
      00016D 75*00 00         [24]  931 	mov	_timerUart,#0x00
                                    932 ;	src\main.c:269: indexRx = 0;
      000170 75*00 00         [24]  933 	mov	_indexRx,#0x00
                                    934 ;	src\main.c:270: ENABLE_GLOBAL_INTERRUPT;
                                    935 ;	assignBit
      000173 D2 AF            [12]  936 	setb	_EA
      000175                        937 00116$:
                                    938 ;	src\main.c:273: if (timerUartOver) 
      000175 30*00 03         [24]  939 	jnb	_timerUartOver,00118$
                                    940 ;	src\main.c:274: indexRx = 0;
      000178 75*00 00         [24]  941 	mov	_indexRx,#0x00
      00017B                        942 00118$:
                                    943 ;	src\main.c:276: if (timerIspOver)
      00017B 20*00 03         [24]  944 	jb	_timerIspOver,00213$
      00017E 02r00rC8         [24]  945 	ljmp	00122$
      000181                        946 00213$:
                                    947 ;	src\main.c:279: _APROM:
      000181                        948 00124$:
                                    949 ;	src\main.c:280: DISABLE_GLOBAL_INTERRUPT;
                                    950 ;	assignBit
      000181 C2 AF            [12]  951 	clr	_EA
                                    952 ;	src\main.c:290: TA = 0xAA; TA = 0x55;
      000183 75 C7 AA         [24]  953 	mov	_TA,#0xaa
      000186 75 C7 55         [24]  954 	mov	_TA,#0x55
                                    955 ;	src\main.c:292: CHPCON = 0x80;
      000189 75 9F 80         [24]  956 	mov	_CHPCON,#0x80
                                    957 ;	src\main.c:294: while(1);
      00018C                        958 00126$:
                                    959 ;	src\main.c:295: }
      00018C 80 FE            [24]  960 	sjmp	00126$
                                    961 	.area CSEG    (CODE)
                                    962 	.area CONST   (CODE)
                                    963 	.area XINIT   (CODE)
                                    964 	.area CABS    (ABS,CODE)
