                                      1 ;--------------------------------------------------------
                                      2 ; File Created by SDCC : free open source ANSI-C Compiler
                                      3 ; Version 4.2.0 #13081 (MINGW64)
                                      4 ;--------------------------------------------------------
                                      5 	.module isp_uart
                                      6 	.optsdcc -mmcs51 --model-small
                                      7 	
                                      8 ;--------------------------------------------------------
                                      9 ; Public variables in this module
                                     10 ;--------------------------------------------------------
                                     11 	.globl _MOSI
                                     12 	.globl _P00
                                     13 	.globl _MISO
                                     14 	.globl _P01
                                     15 	.globl _RXD_1
                                     16 	.globl _P02
                                     17 	.globl _P03
                                     18 	.globl _STADC
                                     19 	.globl _P04
                                     20 	.globl _P05
                                     21 	.globl _TXD
                                     22 	.globl _P06
                                     23 	.globl _RXD
                                     24 	.globl _P07
                                     25 	.globl _IT0
                                     26 	.globl _IE0
                                     27 	.globl _IT1
                                     28 	.globl _IE1
                                     29 	.globl _TR0
                                     30 	.globl _TF0
                                     31 	.globl _TR1
                                     32 	.globl _TF1
                                     33 	.globl _P10
                                     34 	.globl _P11
                                     35 	.globl _P12
                                     36 	.globl _SCL
                                     37 	.globl _P13
                                     38 	.globl _SDA
                                     39 	.globl _P14
                                     40 	.globl _P15
                                     41 	.globl _TXD_1
                                     42 	.globl _P16
                                     43 	.globl _P17
                                     44 	.globl _RI
                                     45 	.globl _TI
                                     46 	.globl _RB8
                                     47 	.globl _TB8
                                     48 	.globl _REN
                                     49 	.globl _SM2
                                     50 	.globl _SM1
                                     51 	.globl _FE
                                     52 	.globl _SM0
                                     53 	.globl _P20
                                     54 	.globl _EX0
                                     55 	.globl _ET0
                                     56 	.globl _EX1
                                     57 	.globl _ET1
                                     58 	.globl _ES
                                     59 	.globl _EBOD
                                     60 	.globl _EADC
                                     61 	.globl _EA
                                     62 	.globl _P30
                                     63 	.globl _PX0
                                     64 	.globl _PT0
                                     65 	.globl _PX1
                                     66 	.globl _PT1
                                     67 	.globl _PS
                                     68 	.globl _PBOD
                                     69 	.globl _PADC
                                     70 	.globl _I2CPX
                                     71 	.globl _AA
                                     72 	.globl _SI
                                     73 	.globl _STO
                                     74 	.globl _STA
                                     75 	.globl _I2CEN
                                     76 	.globl _CM_RL2
                                     77 	.globl _TR2
                                     78 	.globl _TF2
                                     79 	.globl _P
                                     80 	.globl _OV
                                     81 	.globl _RS0
                                     82 	.globl _RS1
                                     83 	.globl _F0
                                     84 	.globl _AC
                                     85 	.globl _CY
                                     86 	.globl _CLRPWM
                                     87 	.globl _PWMF
                                     88 	.globl _LOAD
                                     89 	.globl _PWMRUN
                                     90 	.globl _ADCHS0
                                     91 	.globl _ADCHS1
                                     92 	.globl _ADCHS2
                                     93 	.globl _ADCHS3
                                     94 	.globl _ETGSEL0
                                     95 	.globl _ETGSEL1
                                     96 	.globl _ADCS
                                     97 	.globl _ADCF
                                     98 	.globl _RI_1
                                     99 	.globl _TI_1
                                    100 	.globl _RB8_1
                                    101 	.globl _TB8_1
                                    102 	.globl _REN_1
                                    103 	.globl _SM2_1
                                    104 	.globl _SM1_1
                                    105 	.globl _FE_1
                                    106 	.globl _SM0_1
                                    107 	.globl _EIPH1
                                    108 	.globl _EIP1
                                    109 	.globl _PMD
                                    110 	.globl _PMEN
                                    111 	.globl _PDTCNT
                                    112 	.globl _PDTEN
                                    113 	.globl _SCON_1
                                    114 	.globl _EIPH
                                    115 	.globl _AINDIDS
                                    116 	.globl _SPDR
                                    117 	.globl _SPSR
                                    118 	.globl _SPCR2
                                    119 	.globl _SPCR
                                    120 	.globl _CAPCON4
                                    121 	.globl _CAPCON3
                                    122 	.globl _B
                                    123 	.globl _EIP
                                    124 	.globl _C2H
                                    125 	.globl _C2L
                                    126 	.globl _PIF
                                    127 	.globl _PIPEN
                                    128 	.globl _PINEN
                                    129 	.globl _PICON
                                    130 	.globl _ADCCON0
                                    131 	.globl _C1H
                                    132 	.globl _C1L
                                    133 	.globl _C0H
                                    134 	.globl _C0L
                                    135 	.globl _ADCDLY
                                    136 	.globl _ADCCON2
                                    137 	.globl _ADCCON1
                                    138 	.globl _ACC
                                    139 	.globl _PWMCON1
                                    140 	.globl _PIOCON0
                                    141 	.globl _PWM3L
                                    142 	.globl _PWM2L
                                    143 	.globl _PWM1L
                                    144 	.globl _PWM0L
                                    145 	.globl _PWMPL
                                    146 	.globl _PWMCON0
                                    147 	.globl _FBD
                                    148 	.globl _PNP
                                    149 	.globl _PWM3H
                                    150 	.globl _PWM2H
                                    151 	.globl _PWM1H
                                    152 	.globl _PWM0H
                                    153 	.globl _PWMPH
                                    154 	.globl _PSW
                                    155 	.globl _ADCMPH
                                    156 	.globl _ADCMPL
                                    157 	.globl _PWM5L
                                    158 	.globl _TH2
                                    159 	.globl _PWM4L
                                    160 	.globl _TL2
                                    161 	.globl _RCMP2H
                                    162 	.globl _RCMP2L
                                    163 	.globl _T2MOD
                                    164 	.globl _T2CON
                                    165 	.globl _TA
                                    166 	.globl _PIOCON1
                                    167 	.globl _RH3
                                    168 	.globl _PWM5H
                                    169 	.globl _RL3
                                    170 	.globl _PWM4H
                                    171 	.globl _T3CON
                                    172 	.globl _ADCRH
                                    173 	.globl _ADCRL
                                    174 	.globl _I2ADDR
                                    175 	.globl _I2CON
                                    176 	.globl _I2TOC
                                    177 	.globl _I2CLK
                                    178 	.globl _I2STAT
                                    179 	.globl _I2DAT
                                    180 	.globl _SADDR_1
                                    181 	.globl _SADEN_1
                                    182 	.globl _SADEN
                                    183 	.globl _IP
                                    184 	.globl _PWMINTC
                                    185 	.globl _IPH
                                    186 	.globl _P2S
                                    187 	.globl _P1SR
                                    188 	.globl _P1M2
                                    189 	.globl _P1S
                                    190 	.globl _P1M1
                                    191 	.globl _P0SR
                                    192 	.globl _P0M2
                                    193 	.globl _P0S
                                    194 	.globl _P0M1
                                    195 	.globl _P3
                                    196 	.globl _IAPCN
                                    197 	.globl _IAPFD
                                    198 	.globl _P3SR
                                    199 	.globl _P3M2
                                    200 	.globl _P3S
                                    201 	.globl _P3M1
                                    202 	.globl _BODCON1
                                    203 	.globl _WDCON
                                    204 	.globl _SADDR
                                    205 	.globl _IE
                                    206 	.globl _IAPAH
                                    207 	.globl _IAPAL
                                    208 	.globl _IAPUEN
                                    209 	.globl _IAPTRG
                                    210 	.globl _BODCON0
                                    211 	.globl _AUXR1
                                    212 	.globl _P2
                                    213 	.globl _CHPCON
                                    214 	.globl _EIE1
                                    215 	.globl _EIE
                                    216 	.globl _SBUF_1
                                    217 	.globl _SBUF
                                    218 	.globl _SCON
                                    219 	.globl _CKEN
                                    220 	.globl _CKSWT
                                    221 	.globl _CKDIV
                                    222 	.globl _CAPCON2
                                    223 	.globl _CAPCON1
                                    224 	.globl _CAPCON0
                                    225 	.globl _SFRS
                                    226 	.globl _P1
                                    227 	.globl _WKCON
                                    228 	.globl _CKCON
                                    229 	.globl _TH1
                                    230 	.globl _TH0
                                    231 	.globl _TL1
                                    232 	.globl _TL0
                                    233 	.globl _TMOD
                                    234 	.globl _TCON
                                    235 	.globl _PCON
                                    236 	.globl _RWK
                                    237 	.globl _RCTRIM1
                                    238 	.globl _RCTRIM0
                                    239 	.globl _DPH
                                    240 	.globl _DPL
                                    241 	.globl _SP
                                    242 	.globl _P0
                                    243 	.globl _isApromUpdate
                                    244 	.globl _timerIspOver
                                    245 	.globl _timerUartOver
                                    246 	.globl _temp4bytes
                                    247 	.globl _programSize
                                    248 	.globl _flashAddress
                                    249 	.globl _timerIsp
                                    250 	.globl _timerUart
                                    251 	.globl _indexRx
                                    252 	.globl _uartBuf
                                    253 	.globl _calcChecksum
                                    254 	.globl _sendPack
                                    255 	.globl _ispRead4Bytes
                                    256 	.globl _readConfig
                                    257 	.globl _eraseAprom
                                    258 	.globl _writeAprom
                                    259 ;--------------------------------------------------------
                                    260 ; special function registers
                                    261 ;--------------------------------------------------------
                                    262 	.area RSEG    (ABS,DATA)
      000000                        263 	.org 0x0000
                           000080   264 _P0	=	0x0080
                           000081   265 _SP	=	0x0081
                           000082   266 _DPL	=	0x0082
                           000083   267 _DPH	=	0x0083
                           000084   268 _RCTRIM0	=	0x0084
                           000085   269 _RCTRIM1	=	0x0085
                           000086   270 _RWK	=	0x0086
                           000087   271 _PCON	=	0x0087
                           000088   272 _TCON	=	0x0088
                           000089   273 _TMOD	=	0x0089
                           00008A   274 _TL0	=	0x008a
                           00008B   275 _TL1	=	0x008b
                           00008C   276 _TH0	=	0x008c
                           00008D   277 _TH1	=	0x008d
                           00008E   278 _CKCON	=	0x008e
                           00008F   279 _WKCON	=	0x008f
                           000090   280 _P1	=	0x0090
                           000091   281 _SFRS	=	0x0091
                           000092   282 _CAPCON0	=	0x0092
                           000093   283 _CAPCON1	=	0x0093
                           000094   284 _CAPCON2	=	0x0094
                           000095   285 _CKDIV	=	0x0095
                           000096   286 _CKSWT	=	0x0096
                           000097   287 _CKEN	=	0x0097
                           000098   288 _SCON	=	0x0098
                           000099   289 _SBUF	=	0x0099
                           00009A   290 _SBUF_1	=	0x009a
                           00009B   291 _EIE	=	0x009b
                           00009C   292 _EIE1	=	0x009c
                           00009F   293 _CHPCON	=	0x009f
                           0000A0   294 _P2	=	0x00a0
                           0000A2   295 _AUXR1	=	0x00a2
                           0000A3   296 _BODCON0	=	0x00a3
                           0000A4   297 _IAPTRG	=	0x00a4
                           0000A5   298 _IAPUEN	=	0x00a5
                           0000A6   299 _IAPAL	=	0x00a6
                           0000A7   300 _IAPAH	=	0x00a7
                           0000A8   301 _IE	=	0x00a8
                           0000A9   302 _SADDR	=	0x00a9
                           0000AA   303 _WDCON	=	0x00aa
                           0000AB   304 _BODCON1	=	0x00ab
                           0000AC   305 _P3M1	=	0x00ac
                           0000AC   306 _P3S	=	0x00ac
                           0000AD   307 _P3M2	=	0x00ad
                           0000AD   308 _P3SR	=	0x00ad
                           0000AE   309 _IAPFD	=	0x00ae
                           0000AF   310 _IAPCN	=	0x00af
                           0000B0   311 _P3	=	0x00b0
                           0000B1   312 _P0M1	=	0x00b1
                           0000B1   313 _P0S	=	0x00b1
                           0000B2   314 _P0M2	=	0x00b2
                           0000B2   315 _P0SR	=	0x00b2
                           0000B3   316 _P1M1	=	0x00b3
                           0000B3   317 _P1S	=	0x00b3
                           0000B4   318 _P1M2	=	0x00b4
                           0000B4   319 _P1SR	=	0x00b4
                           0000B5   320 _P2S	=	0x00b5
                           0000B7   321 _IPH	=	0x00b7
                           0000B7   322 _PWMINTC	=	0x00b7
                           0000B8   323 _IP	=	0x00b8
                           0000B9   324 _SADEN	=	0x00b9
                           0000BA   325 _SADEN_1	=	0x00ba
                           0000BB   326 _SADDR_1	=	0x00bb
                           0000BC   327 _I2DAT	=	0x00bc
                           0000BD   328 _I2STAT	=	0x00bd
                           0000BE   329 _I2CLK	=	0x00be
                           0000BF   330 _I2TOC	=	0x00bf
                           0000C0   331 _I2CON	=	0x00c0
                           0000C1   332 _I2ADDR	=	0x00c1
                           0000C2   333 _ADCRL	=	0x00c2
                           0000C3   334 _ADCRH	=	0x00c3
                           0000C4   335 _T3CON	=	0x00c4
                           0000C4   336 _PWM4H	=	0x00c4
                           0000C5   337 _RL3	=	0x00c5
                           0000C5   338 _PWM5H	=	0x00c5
                           0000C6   339 _RH3	=	0x00c6
                           0000C6   340 _PIOCON1	=	0x00c6
                           0000C7   341 _TA	=	0x00c7
                           0000C8   342 _T2CON	=	0x00c8
                           0000C9   343 _T2MOD	=	0x00c9
                           0000CA   344 _RCMP2L	=	0x00ca
                           0000CB   345 _RCMP2H	=	0x00cb
                           0000CC   346 _TL2	=	0x00cc
                           0000CC   347 _PWM4L	=	0x00cc
                           0000CD   348 _TH2	=	0x00cd
                           0000CD   349 _PWM5L	=	0x00cd
                           0000CE   350 _ADCMPL	=	0x00ce
                           0000CF   351 _ADCMPH	=	0x00cf
                           0000D0   352 _PSW	=	0x00d0
                           0000D1   353 _PWMPH	=	0x00d1
                           0000D2   354 _PWM0H	=	0x00d2
                           0000D3   355 _PWM1H	=	0x00d3
                           0000D4   356 _PWM2H	=	0x00d4
                           0000D5   357 _PWM3H	=	0x00d5
                           0000D6   358 _PNP	=	0x00d6
                           0000D7   359 _FBD	=	0x00d7
                           0000D8   360 _PWMCON0	=	0x00d8
                           0000D9   361 _PWMPL	=	0x00d9
                           0000DA   362 _PWM0L	=	0x00da
                           0000DB   363 _PWM1L	=	0x00db
                           0000DC   364 _PWM2L	=	0x00dc
                           0000DD   365 _PWM3L	=	0x00dd
                           0000DE   366 _PIOCON0	=	0x00de
                           0000DF   367 _PWMCON1	=	0x00df
                           0000E0   368 _ACC	=	0x00e0
                           0000E1   369 _ADCCON1	=	0x00e1
                           0000E2   370 _ADCCON2	=	0x00e2
                           0000E3   371 _ADCDLY	=	0x00e3
                           0000E4   372 _C0L	=	0x00e4
                           0000E5   373 _C0H	=	0x00e5
                           0000E6   374 _C1L	=	0x00e6
                           0000E7   375 _C1H	=	0x00e7
                           0000E8   376 _ADCCON0	=	0x00e8
                           0000E9   377 _PICON	=	0x00e9
                           0000EA   378 _PINEN	=	0x00ea
                           0000EB   379 _PIPEN	=	0x00eb
                           0000EC   380 _PIF	=	0x00ec
                           0000ED   381 _C2L	=	0x00ed
                           0000EE   382 _C2H	=	0x00ee
                           0000EF   383 _EIP	=	0x00ef
                           0000F0   384 _B	=	0x00f0
                           0000F1   385 _CAPCON3	=	0x00f1
                           0000F2   386 _CAPCON4	=	0x00f2
                           0000F3   387 _SPCR	=	0x00f3
                           0000F3   388 _SPCR2	=	0x00f3
                           0000F4   389 _SPSR	=	0x00f4
                           0000F5   390 _SPDR	=	0x00f5
                           0000F6   391 _AINDIDS	=	0x00f6
                           0000F7   392 _EIPH	=	0x00f7
                           0000F8   393 _SCON_1	=	0x00f8
                           0000F9   394 _PDTEN	=	0x00f9
                           0000FA   395 _PDTCNT	=	0x00fa
                           0000FB   396 _PMEN	=	0x00fb
                           0000FC   397 _PMD	=	0x00fc
                           0000FE   398 _EIP1	=	0x00fe
                           0000FF   399 _EIPH1	=	0x00ff
                                    400 ;--------------------------------------------------------
                                    401 ; special function bits
                                    402 ;--------------------------------------------------------
                                    403 	.area RSEG    (ABS,DATA)
      000000                        404 	.org 0x0000
                           0000FF   405 _SM0_1	=	0x00ff
                           0000FF   406 _FE_1	=	0x00ff
                           0000FE   407 _SM1_1	=	0x00fe
                           0000FD   408 _SM2_1	=	0x00fd
                           0000FC   409 _REN_1	=	0x00fc
                           0000FB   410 _TB8_1	=	0x00fb
                           0000FA   411 _RB8_1	=	0x00fa
                           0000F9   412 _TI_1	=	0x00f9
                           0000F8   413 _RI_1	=	0x00f8
                           0000EF   414 _ADCF	=	0x00ef
                           0000EE   415 _ADCS	=	0x00ee
                           0000ED   416 _ETGSEL1	=	0x00ed
                           0000EC   417 _ETGSEL0	=	0x00ec
                           0000EB   418 _ADCHS3	=	0x00eb
                           0000EA   419 _ADCHS2	=	0x00ea
                           0000E9   420 _ADCHS1	=	0x00e9
                           0000E8   421 _ADCHS0	=	0x00e8
                           0000DF   422 _PWMRUN	=	0x00df
                           0000DE   423 _LOAD	=	0x00de
                           0000DD   424 _PWMF	=	0x00dd
                           0000DC   425 _CLRPWM	=	0x00dc
                           0000D7   426 _CY	=	0x00d7
                           0000D6   427 _AC	=	0x00d6
                           0000D5   428 _F0	=	0x00d5
                           0000D4   429 _RS1	=	0x00d4
                           0000D3   430 _RS0	=	0x00d3
                           0000D2   431 _OV	=	0x00d2
                           0000D0   432 _P	=	0x00d0
                           0000CF   433 _TF2	=	0x00cf
                           0000CA   434 _TR2	=	0x00ca
                           0000C8   435 _CM_RL2	=	0x00c8
                           0000C6   436 _I2CEN	=	0x00c6
                           0000C5   437 _STA	=	0x00c5
                           0000C4   438 _STO	=	0x00c4
                           0000C3   439 _SI	=	0x00c3
                           0000C2   440 _AA	=	0x00c2
                           0000C0   441 _I2CPX	=	0x00c0
                           0000BE   442 _PADC	=	0x00be
                           0000BD   443 _PBOD	=	0x00bd
                           0000BC   444 _PS	=	0x00bc
                           0000BB   445 _PT1	=	0x00bb
                           0000BA   446 _PX1	=	0x00ba
                           0000B9   447 _PT0	=	0x00b9
                           0000B8   448 _PX0	=	0x00b8
                           0000B0   449 _P30	=	0x00b0
                           0000AF   450 _EA	=	0x00af
                           0000AE   451 _EADC	=	0x00ae
                           0000AD   452 _EBOD	=	0x00ad
                           0000AC   453 _ES	=	0x00ac
                           0000AB   454 _ET1	=	0x00ab
                           0000AA   455 _EX1	=	0x00aa
                           0000A9   456 _ET0	=	0x00a9
                           0000A8   457 _EX0	=	0x00a8
                           0000A0   458 _P20	=	0x00a0
                           00009F   459 _SM0	=	0x009f
                           00009F   460 _FE	=	0x009f
                           00009E   461 _SM1	=	0x009e
                           00009D   462 _SM2	=	0x009d
                           00009C   463 _REN	=	0x009c
                           00009B   464 _TB8	=	0x009b
                           00009A   465 _RB8	=	0x009a
                           000099   466 _TI	=	0x0099
                           000098   467 _RI	=	0x0098
                           000097   468 _P17	=	0x0097
                           000096   469 _P16	=	0x0096
                           000096   470 _TXD_1	=	0x0096
                           000095   471 _P15	=	0x0095
                           000094   472 _P14	=	0x0094
                           000094   473 _SDA	=	0x0094
                           000093   474 _P13	=	0x0093
                           000093   475 _SCL	=	0x0093
                           000092   476 _P12	=	0x0092
                           000091   477 _P11	=	0x0091
                           000090   478 _P10	=	0x0090
                           00008F   479 _TF1	=	0x008f
                           00008E   480 _TR1	=	0x008e
                           00008D   481 _TF0	=	0x008d
                           00008C   482 _TR0	=	0x008c
                           00008B   483 _IE1	=	0x008b
                           00008A   484 _IT1	=	0x008a
                           000089   485 _IE0	=	0x0089
                           000088   486 _IT0	=	0x0088
                           000087   487 _P07	=	0x0087
                           000087   488 _RXD	=	0x0087
                           000086   489 _P06	=	0x0086
                           000086   490 _TXD	=	0x0086
                           000085   491 _P05	=	0x0085
                           000084   492 _P04	=	0x0084
                           000084   493 _STADC	=	0x0084
                           000083   494 _P03	=	0x0083
                           000082   495 _P02	=	0x0082
                           000082   496 _RXD_1	=	0x0082
                           000081   497 _P01	=	0x0081
                           000081   498 _MISO	=	0x0081
                           000080   499 _P00	=	0x0080
                           000080   500 _MOSI	=	0x0080
                                    501 ;--------------------------------------------------------
                                    502 ; overlayable register banks
                                    503 ;--------------------------------------------------------
                                    504 	.area REG_BANK_0	(REL,OVR,DATA)
      000000                        505 	.ds 8
                                    506 ;--------------------------------------------------------
                                    507 ; internal ram data
                                    508 ;--------------------------------------------------------
                                    509 	.area DSEG    (DATA)
      000000                        510 _uartBuf::
      000000                        511 	.ds 64
      000040                        512 _indexRx::
      000040                        513 	.ds 1
      000041                        514 _timerUart::
      000041                        515 	.ds 1
      000042                        516 _timerIsp::
      000042                        517 	.ds 2
      000044                        518 _flashAddress::
      000044                        519 	.ds 2
      000046                        520 _programSize::
      000046                        521 	.ds 2
      000048                        522 _temp4bytes::
      000048                        523 	.ds 4
      00004C                        524 _writeAprom_writeType_65536_83:
      00004C                        525 	.ds 1
      00004D                        526 _writeAprom_checksum_65536_84:
      00004D                        527 	.ds 2
                                    528 ;--------------------------------------------------------
                                    529 ; overlayable items in internal ram
                                    530 ;--------------------------------------------------------
                                    531 	.area	OSEG    (OVR,DATA)
      000000                        532 _calcChecksum_checksum_65536_65:
      000000                        533 	.ds 2
                                    534 	.area	OSEG    (OVR,DATA)
                                    535 	.area	OSEG    (OVR,DATA)
                                    536 ;--------------------------------------------------------
                                    537 ; indirectly addressable internal ram data
                                    538 ;--------------------------------------------------------
                                    539 	.area ISEG    (DATA)
                                    540 ;--------------------------------------------------------
                                    541 ; absolute internal ram data
                                    542 ;--------------------------------------------------------
                                    543 	.area IABS    (ABS,DATA)
                                    544 	.area IABS    (ABS,DATA)
                                    545 ;--------------------------------------------------------
                                    546 ; bit data
                                    547 ;--------------------------------------------------------
                                    548 	.area BSEG    (BIT)
      000000                        549 _timerUartOver::
      000000                        550 	.ds 1
      000001                        551 _timerIspOver::
      000001                        552 	.ds 1
      000002                        553 _isApromUpdate::
      000002                        554 	.ds 1
                                    555 ;--------------------------------------------------------
                                    556 ; paged external ram data
                                    557 ;--------------------------------------------------------
                                    558 	.area PSEG    (PAG,XDATA)
                                    559 ;--------------------------------------------------------
                                    560 ; external ram data
                                    561 ;--------------------------------------------------------
                                    562 	.area XSEG    (XDATA)
                                    563 ;--------------------------------------------------------
                                    564 ; absolute external ram data
                                    565 ;--------------------------------------------------------
                                    566 	.area XABS    (ABS,XDATA)
                                    567 ;--------------------------------------------------------
                                    568 ; external initialized ram data
                                    569 ;--------------------------------------------------------
                                    570 	.area XISEG   (XDATA)
                                    571 	.area HOME    (CODE)
                                    572 	.area GSINIT0 (CODE)
                                    573 	.area GSINIT1 (CODE)
                                    574 	.area GSINIT2 (CODE)
                                    575 	.area GSINIT3 (CODE)
                                    576 	.area GSINIT4 (CODE)
                                    577 	.area GSINIT5 (CODE)
                                    578 	.area GSINIT  (CODE)
                                    579 	.area GSFINAL (CODE)
                                    580 	.area CSEG    (CODE)
                                    581 ;--------------------------------------------------------
                                    582 ; global & static initialisations
                                    583 ;--------------------------------------------------------
                                    584 	.area HOME    (CODE)
                                    585 	.area GSINIT  (CODE)
                                    586 	.area GSFINAL (CODE)
                                    587 	.area GSINIT  (CODE)
                                    588 ;	lib\isp_uart\isp_uart.c:7: volatile  uint16_t  timerIsp = ISP_WAIT_TIMEOUT;
      000000 75*42 F4         [24]  589 	mov	_timerIsp,#0xf4
      000003 75*43 01         [24]  590 	mov	(_timerIsp + 1),#0x01
                                    591 ;	lib\isp_uart\isp_uart.c:13: volatile  BIT timerIspOver = FALSE;
                                    592 ;	assignBit
      000006 C2*01            [12]  593 	clr	_timerIspOver
                                    594 ;	lib\isp_uart\isp_uart.c:14: BIT isApromUpdate = FALSE;
                                    595 ;	assignBit
      000008 C2*02            [12]  596 	clr	_isApromUpdate
                                    597 ;--------------------------------------------------------
                                    598 ; Home
                                    599 ;--------------------------------------------------------
                                    600 	.area HOME    (CODE)
                                    601 	.area HOME    (CODE)
                                    602 ;--------------------------------------------------------
                                    603 ; code
                                    604 ;--------------------------------------------------------
                                    605 	.area CSEG    (CODE)
                                    606 ;------------------------------------------------------------
                                    607 ;Allocation info for local variables in function 'calcChecksum'
                                    608 ;------------------------------------------------------------
                                    609 ;checksum                  Allocated with name '_calcChecksum_checksum_65536_65'
                                    610 ;i                         Allocated to registers r5 
                                    611 ;------------------------------------------------------------
                                    612 ;	lib\isp_uart\isp_uart.c:86: void calcChecksum(void)
                                    613 ;	-----------------------------------------
                                    614 ;	 function calcChecksum
                                    615 ;	-----------------------------------------
      000000                        616 _calcChecksum:
                           000007   617 	ar7 = 0x07
                           000006   618 	ar6 = 0x06
                           000005   619 	ar5 = 0x05
                           000004   620 	ar4 = 0x04
                           000003   621 	ar3 = 0x03
                           000002   622 	ar2 = 0x02
                           000001   623 	ar1 = 0x01
                           000000   624 	ar0 = 0x00
                                    625 ;	lib\isp_uart\isp_uart.c:88: uint16_t checksum = 0;
      000000 E4               [12]  626 	clr	a
      000001 F5*00            [12]  627 	mov	_calcChecksum_checksum_65536_65,a
      000003 F5*01            [12]  628 	mov	(_calcChecksum_checksum_65536_65 + 1),a
                                    629 ;	lib\isp_uart\isp_uart.c:89: for (uint8_t i = 0; i < PACK_SIZE; i++)
      000005 7D 00            [12]  630 	mov	r5,#0x00
      000007                        631 00105$:
      000007 BD 40 00         [24]  632 	cjne	r5,#0x40,00122$
      00000A                        633 00122$:
      00000A 50 19            [24]  634 	jnc	00101$
                                    635 ;	lib\isp_uart\isp_uart.c:90: checksum += uartBuf[i];    
      00000C ED               [12]  636 	mov	a,r5
      00000D 24r00            [12]  637 	add	a,#_uartBuf
      00000F F9               [12]  638 	mov	r1,a
      000010 87 04            [24]  639 	mov	ar4,@r1
      000012 7B 00            [12]  640 	mov	r3,#0x00
      000014 AA*00            [24]  641 	mov	r2,_calcChecksum_checksum_65536_65
      000016 AF*01            [24]  642 	mov	r7,(_calcChecksum_checksum_65536_65 + 1)
      000018 EC               [12]  643 	mov	a,r4
      000019 2A               [12]  644 	add	a,r2
      00001A FA               [12]  645 	mov	r2,a
      00001B EB               [12]  646 	mov	a,r3
      00001C 3F               [12]  647 	addc	a,r7
      00001D FF               [12]  648 	mov	r7,a
      00001E 8A*00            [24]  649 	mov	_calcChecksum_checksum_65536_65,r2
      000020 8F*01            [24]  650 	mov	(_calcChecksum_checksum_65536_65 + 1),r7
                                    651 ;	lib\isp_uart\isp_uart.c:89: for (uint8_t i = 0; i < PACK_SIZE; i++)
      000022 0D               [12]  652 	inc	r5
      000023 80 E2            [24]  653 	sjmp	00105$
      000025                        654 00101$:
                                    655 ;	lib\isp_uart\isp_uart.c:91: uartBuf[0] = checksum;
      000025 AE*00            [24]  656 	mov	r6,_calcChecksum_checksum_65536_65
      000027 8E*00            [24]  657 	mov	_uartBuf,r6
                                    658 ;	lib\isp_uart\isp_uart.c:92: uartBuf[1] = checksum >> 8;
      000029 AF*01            [24]  659 	mov	r7,(_calcChecksum_checksum_65536_65 + 1)
      00002B 8F*01            [24]  660 	mov	(_uartBuf + 0x0001),r7
                                    661 ;	lib\isp_uart\isp_uart.c:93: if (uartBuf[4]++ == 0x00)
      00002D E5*04            [12]  662 	mov	a,(_uartBuf + 0x0004)
      00002F FF               [12]  663 	mov	r7,a
      000030 04               [12]  664 	inc	a
      000031 F5*04            [12]  665 	mov	(_uartBuf + 0x0004),a
      000033 EF               [12]  666 	mov	a,r7
      000034 70 06            [24]  667 	jnz	00107$
                                    668 ;	lib\isp_uart\isp_uart.c:94: uartBuf[5]++;
      000036 E5*05            [12]  669 	mov	a,(_uartBuf + 0x0005)
      000038 FF               [12]  670 	mov	r7,a
      000039 04               [12]  671 	inc	a
      00003A F5*05            [12]  672 	mov	(_uartBuf + 0x0005),a
      00003C                        673 00107$:
                                    674 ;	lib\isp_uart\isp_uart.c:95: }
      00003C 22               [24]  675 	ret
                                    676 ;------------------------------------------------------------
                                    677 ;Allocation info for local variables in function 'sendPack'
                                    678 ;------------------------------------------------------------
                                    679 ;i                         Allocated to registers r7 
                                    680 ;------------------------------------------------------------
                                    681 ;	lib\isp_uart\isp_uart.c:97: void sendPack(void)
                                    682 ;	-----------------------------------------
                                    683 ;	 function sendPack
                                    684 ;	-----------------------------------------
      00003D                        685 _sendPack:
                                    686 ;	lib\isp_uart\isp_uart.c:99: for (uint8_t i = 0; i < PACK_SIZE; i++){
      00003D 7F 00            [12]  687 	mov	r7,#0x00
      00003F                        688 00106$:
      00003F BF 40 00         [24]  689 	cjne	r7,#0x40,00127$
      000042                        690 00127$:
      000042 50 0E            [24]  691 	jnc	00108$
                                    692 ;	lib\isp_uart\isp_uart.c:100: UART_SBUF = uartBuf[i];
      000044 EF               [12]  693 	mov	a,r7
      000045 24r00            [12]  694 	add	a,#_uartBuf
      000047 F9               [12]  695 	mov	r1,a
      000048 87 9A            [24]  696 	mov	_SBUF_1,@r1
                                    697 ;	lib\isp_uart\isp_uart.c:101: while (!UART_INTERRUPT_TX_FLAG);
      00004A                        698 00101$:
                                    699 ;	lib\isp_uart\isp_uart.c:102: UART_INTERRUPT_TX_FLAG = 0;
                                    700 ;	assignBit
      00004A 10 F9 02         [24]  701 	jbc	_TI_1,00129$
      00004D 80 FB            [24]  702 	sjmp	00101$
      00004F                        703 00129$:
                                    704 ;	lib\isp_uart\isp_uart.c:99: for (uint8_t i = 0; i < PACK_SIZE; i++){
      00004F 0F               [12]  705 	inc	r7
      000050 80 ED            [24]  706 	sjmp	00106$
      000052                        707 00108$:
                                    708 ;	lib\isp_uart\isp_uart.c:104: }
      000052 22               [24]  709 	ret
                                    710 ;------------------------------------------------------------
                                    711 ;Allocation info for local variables in function 'ispRead4Bytes'
                                    712 ;------------------------------------------------------------
                                    713 ;readType                  Allocated to registers r7 
                                    714 ;i                         Allocated to registers r6 
                                    715 ;------------------------------------------------------------
                                    716 ;	lib\isp_uart\isp_uart.c:106: void ispRead4Bytes(read_t readType)
                                    717 ;	-----------------------------------------
                                    718 ;	 function ispRead4Bytes
                                    719 ;	-----------------------------------------
      000053                        720 _ispRead4Bytes:
      000053 AF 82            [24]  721 	mov	r7,dpl
                                    722 ;	lib\isp_uart\isp_uart.c:108: IAPCN = readType;
      000055 8F AF            [24]  723 	mov	_IAPCN,r7
                                    724 ;	lib\isp_uart\isp_uart.c:109: IAPAH = 0x00;
      000057 75 A7 00         [24]  725 	mov	_IAPAH,#0x00
                                    726 ;	lib\isp_uart\isp_uart.c:111: for (uint8_t i = 0; i < 4; i++){
      00005A E4               [12]  727 	clr	a
      00005B BF C0 01         [24]  728 	cjne	r7,#0xc0,00130$
      00005E 04               [12]  729 	inc	a
      00005F                        730 00130$:
      00005F FF               [12]  731 	mov	r7,a
      000060 7E 00            [12]  732 	mov	r6,#0x00
      000062                        733 00109$:
      000062 BE 04 00         [24]  734 	cjne	r6,#0x04,00132$
      000065                        735 00132$:
      000065 50 1D            [24]  736 	jnc	00107$
                                    737 ;	lib\isp_uart\isp_uart.c:112: IAPAL = i;
      000067 8E A6            [24]  738 	mov	_IAPAL,r6
                                    739 ;	lib\isp_uart\isp_uart.c:113: if (readType == READ_CONFIG_TYPE && i == 3)
      000069 EF               [12]  740 	mov	a,r7
      00006A 60 06            [24]  741 	jz	00104$
      00006C BE 03 03         [24]  742 	cjne	r6,#0x03,00104$
                                    743 ;	lib\isp_uart\isp_uart.c:114: IAPAL = 4;
      00006F 75 A6 04         [24]  744 	mov	_IAPAL,#0x04
                                    745 ;	lib\isp_uart\isp_uart.c:115: trig_IAPGO();
      000072                        746 00104$:
      000072 75 C7 AA         [24]  747 	mov	_TA,#0xaa
      000075 75 C7 55         [24]  748 	mov	_TA,#0x55
      000078 43 A4 01         [24]  749 	orl	_IAPTRG,#0x01
                                    750 ;	lib\isp_uart\isp_uart.c:116: temp4bytes.raw[i] = IAPFD;
      00007B EE               [12]  751 	mov	a,r6
      00007C 24r48            [12]  752 	add	a,#_temp4bytes
      00007E F8               [12]  753 	mov	r0,a
      00007F A6 AE            [24]  754 	mov	@r0,_IAPFD
                                    755 ;	lib\isp_uart\isp_uart.c:111: for (uint8_t i = 0; i < 4; i++){
      000081 0E               [12]  756 	inc	r6
      000082 80 DE            [24]  757 	sjmp	00109$
      000084                        758 00107$:
                                    759 ;	lib\isp_uart\isp_uart.c:124: calcChecksum();
                                    760 ;	lib\isp_uart\isp_uart.c:125: }
      000084 02r00r00         [24]  761 	ljmp	_calcChecksum
                                    762 ;------------------------------------------------------------
                                    763 ;Allocation info for local variables in function 'readConfig'
                                    764 ;------------------------------------------------------------
                                    765 ;	lib\isp_uart\isp_uart.c:127: void readConfig(void)
                                    766 ;	-----------------------------------------
                                    767 ;	 function readConfig
                                    768 ;	-----------------------------------------
      000087                        769 _readConfig:
                                    770 ;	lib\isp_uart\isp_uart.c:129: ispRead4Bytes(READ_CONFIG_TYPE);
      000087 75 82 C0         [24]  771 	mov	dpl,#0xc0
      00008A 12r00r53         [24]  772 	lcall	_ispRead4Bytes
                                    773 ;	lib\isp_uart\isp_uart.c:130: uartBuf[8]  = temp4bytes.CONF0;
      00008D 85*48*08         [24]  774 	mov	(_uartBuf + 0x0008),_temp4bytes
                                    775 ;	lib\isp_uart\isp_uart.c:131: uartBuf[9]  = temp4bytes.CONF1;
      000090 85*49*09         [24]  776 	mov	(_uartBuf + 0x0009),(_temp4bytes + 0x0001)
                                    777 ;	lib\isp_uart\isp_uart.c:132: uartBuf[10] = temp4bytes.CONF2;
      000093 85*4A*0A         [24]  778 	mov	(_uartBuf + 0x000a),(_temp4bytes + 0x0002)
                                    779 ;	lib\isp_uart\isp_uart.c:133: uartBuf[11] = 0xFF;
      000096 75*0B FF         [24]  780 	mov	(_uartBuf + 0x000b),#0xff
                                    781 ;	lib\isp_uart\isp_uart.c:134: uartBuf[12] = temp4bytes.CONF4;
      000099 85*4B*0C         [24]  782 	mov	(_uartBuf + 0x000c),(_temp4bytes + 0x0003)
                                    783 ;	lib\isp_uart\isp_uart.c:135: uartBuf[13] = 0xFF;
      00009C 75*0D FF         [24]  784 	mov	(_uartBuf + 0x000d),#0xff
                                    785 ;	lib\isp_uart\isp_uart.c:136: uartBuf[14] = 0xFF;
      00009F 75*0E FF         [24]  786 	mov	(_uartBuf + 0x000e),#0xff
                                    787 ;	lib\isp_uart\isp_uart.c:137: uartBuf[15] = 0xFF;
      0000A2 75*0F FF         [24]  788 	mov	(_uartBuf + 0x000f),#0xff
                                    789 ;	lib\isp_uart\isp_uart.c:138: sendPack();
                                    790 ;	lib\isp_uart\isp_uart.c:139: }
      0000A5 02r00r3D         [24]  791 	ljmp	_sendPack
                                    792 ;------------------------------------------------------------
                                    793 ;Allocation info for local variables in function 'eraseAprom'
                                    794 ;------------------------------------------------------------
                                    795 ;pageAddr                  Allocated to registers r6 r7 
                                    796 ;------------------------------------------------------------
                                    797 ;	lib\isp_uart\isp_uart.c:141: void eraseAprom(void)
                                    798 ;	-----------------------------------------
                                    799 ;	 function eraseAprom
                                    800 ;	-----------------------------------------
      0000A8                        801 _eraseAprom:
                                    802 ;	lib\isp_uart\isp_uart.c:143: TA = 0xAA; TA = 0x55;
      0000A8 75 C7 AA         [24]  803 	mov	_TA,#0xaa
      0000AB 75 C7 55         [24]  804 	mov	_TA,#0x55
                                    805 ;	lib\isp_uart\isp_uart.c:144: IAPUEN |= 0x01;
      0000AE 43 A5 01         [24]  806 	orl	_IAPUEN,#0x01
                                    807 ;	lib\isp_uart\isp_uart.c:145: IAPFD = 0xFF;
      0000B1 75 AE FF         [24]  808 	mov	_IAPFD,#0xff
                                    809 ;	lib\isp_uart\isp_uart.c:146: IAPCN = PAGE_ERASE_AP;
      0000B4 75 AF 22         [24]  810 	mov	_IAPCN,#0x22
                                    811 ;	lib\isp_uart\isp_uart.c:147: for (uint16_t pageAddr = 0; pageAddr < APROM_SIZE; pageAddr += PAGE_SIZE){        
      0000B7 7E 00            [12]  812 	mov	r6,#0x00
      0000B9 7F 00            [12]  813 	mov	r7,#0x00
      0000BB                        814 00106$:
      0000BB 8F 05            [24]  815 	mov	ar5,r7
      0000BD 74 C4            [12]  816 	mov	a,#0x100 - 0x3c
      0000BF 2D               [12]  817 	add	a,r5
      0000C0 40 1E            [24]  818 	jc	00108$
                                    819 ;	lib\isp_uart\isp_uart.c:148: IAPAL = LOBYTE(pageAddr);
      0000C2 8E A6            [24]  820 	mov	_IAPAL,r6
                                    821 ;	lib\isp_uart\isp_uart.c:149: IAPAH = HIBYTE(pageAddr);
      0000C4 8F A7            [24]  822 	mov	_IAPAH,r7
                                    823 ;	lib\isp_uart\isp_uart.c:150: trig_IAPGO();
      0000C6 75 C7 AA         [24]  824 	mov	_TA,#0xaa
      0000C9 75 C7 55         [24]  825 	mov	_TA,#0x55
      0000CC 43 A4 01         [24]  826 	orl	_IAPTRG,#0x01
                                    827 ;	lib\isp_uart\isp_uart.c:147: for (uint16_t pageAddr = 0; pageAddr < APROM_SIZE; pageAddr += PAGE_SIZE){        
      0000CF 8E 04            [24]  828 	mov	ar4,r6
      0000D1 8F 05            [24]  829 	mov	ar5,r7
      0000D3 74 80            [12]  830 	mov	a,#0x80
      0000D5 2C               [12]  831 	add	a,r4
      0000D6 FC               [12]  832 	mov	r4,a
      0000D7 E4               [12]  833 	clr	a
      0000D8 3D               [12]  834 	addc	a,r5
      0000D9 FD               [12]  835 	mov	r5,a
      0000DA 8C 06            [24]  836 	mov	ar6,r4
      0000DC 8D 07            [24]  837 	mov	ar7,r5
      0000DE 80 DB            [24]  838 	sjmp	00106$
      0000E0                        839 00108$:
                                    840 ;	lib\isp_uart\isp_uart.c:152: }
      0000E0 22               [24]  841 	ret
                                    842 ;------------------------------------------------------------
                                    843 ;Allocation info for local variables in function 'writeAprom'
                                    844 ;------------------------------------------------------------
                                    845 ;writeType                 Allocated with name '_writeAprom_writeType_65536_83'
                                    846 ;checksum                  Allocated with name '_writeAprom_checksum_65536_84'
                                    847 ;i                         Allocated to registers r4 
                                    848 ;------------------------------------------------------------
                                    849 ;	lib\isp_uart\isp_uart.c:154: void writeAprom(apromWrite_t writeType)
                                    850 ;	-----------------------------------------
                                    851 ;	 function writeAprom
                                    852 ;	-----------------------------------------
      0000E1                        853 _writeAprom:
      0000E1 85 82*4C         [24]  854 	mov	_writeAprom_writeType_65536_83,dpl
                                    855 ;	lib\isp_uart\isp_uart.c:156: uint16_t checksum = 0;
      0000E4 E4               [12]  856 	clr	a
      0000E5 F5*4D            [12]  857 	mov	_writeAprom_checksum_65536_84,a
      0000E7 F5*4E            [12]  858 	mov	(_writeAprom_checksum_65536_84 + 1),a
                                    859 ;	lib\isp_uart\isp_uart.c:157: for (uint8_t i = writeType; i < PACK_SIZE; i++){
      0000E9 AC*4C            [24]  860 	mov	r4,_writeAprom_writeType_65536_83
      0000EB                        861 00119$:
      0000EB BC 40 00         [24]  862 	cjne	r4,#0x40,00147$
      0000EE                        863 00147$:
      0000EE 40 03            [24]  864 	jc	00148$
      0000F0 02r01r5D         [24]  865 	ljmp	00117$
      0000F3                        866 00148$:
                                    867 ;	lib\isp_uart\isp_uart.c:159: IAPCN = BYTE_PROGRAM_AP;
      0000F3 75 AF 21         [24]  868 	mov	_IAPCN,#0x21
                                    869 ;	lib\isp_uart\isp_uart.c:160: IAPAL = flashAddress;
      0000F6 85*44 A6         [24]  870 	mov	_IAPAL,_flashAddress
                                    871 ;	lib\isp_uart\isp_uart.c:161: IAPAH = flashAddress >> 8;
      0000F9 85*45 A7         [24]  872 	mov	_IAPAH,(_flashAddress + 1)
                                    873 ;	lib\isp_uart\isp_uart.c:162: IAPFD = uartBuf[i];
      0000FC EC               [12]  874 	mov	a,r4
      0000FD 24r00            [12]  875 	add	a,#_uartBuf
      0000FF F9               [12]  876 	mov	r1,a
      000100 87 AE            [24]  877 	mov	_IAPFD,@r1
                                    878 ;	lib\isp_uart\isp_uart.c:163: trig_IAPGO();
      000102 75 C7 AA         [24]  879 	mov	_TA,#0xaa
      000105 75 C7 55         [24]  880 	mov	_TA,#0x55
      000108 43 A4 01         [24]  881 	orl	_IAPTRG,#0x01
                                    882 ;	lib\isp_uart\isp_uart.c:165: IAPCN = BYTE_READ_AP;
      00010B 75 AF 00         [24]  883 	mov	_IAPCN,#0x00
                                    884 ;	lib\isp_uart\isp_uart.c:166: trig_IAPGO();
      00010E 75 C7 AA         [24]  885 	mov	_TA,#0xaa
      000111 75 C7 55         [24]  886 	mov	_TA,#0x55
      000114 43 A4 01         [24]  887 	orl	_IAPTRG,#0x01
                                    888 ;	lib\isp_uart\isp_uart.c:168: if ((IAPFD != uartBuf[i]) || (CHPCON == 0x43))
      000117 EC               [12]  889 	mov	a,r4
      000118 24r00            [12]  890 	add	a,#_uartBuf
      00011A F9               [12]  891 	mov	r1,a
      00011B E7               [12]  892 	mov	a,@r1
      00011C B5 AE 05         [24]  893 	cjne	a,_IAPFD,00108$
      00011F 74 43            [12]  894 	mov	a,#0x43
      000121 B5 9F 02         [24]  895 	cjne	a,_CHPCON,00111$
                                    896 ;	lib\isp_uart\isp_uart.c:169: while (1);
      000124                        897 00108$:
      000124 80 FE            [24]  898 	sjmp	00108$
      000126                        899 00111$:
                                    900 ;	lib\isp_uart\isp_uart.c:170: checksum += uartBuf[i];
      000126 EC               [12]  901 	mov	a,r4
      000127 24r00            [12]  902 	add	a,#_uartBuf
      000129 F9               [12]  903 	mov	r1,a
      00012A 87 03            [24]  904 	mov	ar3,@r1
      00012C 7A 00            [12]  905 	mov	r2,#0x00
      00012E AF*4D            [24]  906 	mov	r7,_writeAprom_checksum_65536_84
      000130 AE*4E            [24]  907 	mov	r6,(_writeAprom_checksum_65536_84 + 1)
      000132 EB               [12]  908 	mov	a,r3
      000133 2F               [12]  909 	add	a,r7
      000134 FF               [12]  910 	mov	r7,a
      000135 EA               [12]  911 	mov	a,r2
      000136 3E               [12]  912 	addc	a,r6
      000137 FE               [12]  913 	mov	r6,a
      000138 8F*4D            [24]  914 	mov	_writeAprom_checksum_65536_84,r7
      00013A 8E*4E            [24]  915 	mov	(_writeAprom_checksum_65536_84 + 1),r6
                                    916 ;	lib\isp_uart\isp_uart.c:171: if (++flashAddress == programSize){
      00013C 05*44            [12]  917 	inc	_flashAddress
      00013E E4               [12]  918 	clr	a
      00013F B5*44 02         [24]  919 	cjne	a,_flashAddress,00153$
      000142 05*45            [12]  920 	inc	(_flashAddress + 1)
      000144                        921 00153$:
      000144 E5*46            [12]  922 	mov	a,_programSize
      000146 B5*44 10         [24]  923 	cjne	a,_flashAddress,00120$
      000149 E5*47            [12]  924 	mov	a,(_programSize + 1)
      00014B B5*45 0B         [24]  925 	cjne	a,(_flashAddress + 1),00120$
                                    926 ;	lib\isp_uart\isp_uart.c:172: if (writeType == NEXT)
      00014E 74 08            [12]  927 	mov	a,#0x08
      000150 B5*4C 02         [24]  928 	cjne	a,_writeAprom_writeType_65536_83,00114$
                                    929 ;	lib\isp_uart\isp_uart.c:173: timerIspOver = TRUE;
                                    930 ;	assignBit
      000153 D2*01            [12]  931 	setb	_timerIspOver
      000155                        932 00114$:
                                    933 ;	lib\isp_uart\isp_uart.c:174: isApromUpdate = FALSE;
                                    934 ;	assignBit
      000155 C2*02            [12]  935 	clr	_isApromUpdate
                                    936 ;	lib\isp_uart\isp_uart.c:175: break;
      000157 80 04            [24]  937 	sjmp	00117$
      000159                        938 00120$:
                                    939 ;	lib\isp_uart\isp_uart.c:157: for (uint8_t i = writeType; i < PACK_SIZE; i++){
      000159 0C               [12]  940 	inc	r4
      00015A 02r00rEB         [24]  941 	ljmp	00119$
      00015D                        942 00117$:
                                    943 ;	lib\isp_uart\isp_uart.c:178: calcChecksum();
      00015D 12r00r00         [24]  944 	lcall	_calcChecksum
                                    945 ;	lib\isp_uart\isp_uart.c:179: uartBuf[8] = checksum;
      000160 AD*4D            [24]  946 	mov	r5,_writeAprom_checksum_65536_84
      000162 8D*08            [24]  947 	mov	(_uartBuf + 0x0008),r5
                                    948 ;	lib\isp_uart\isp_uart.c:180: uartBuf[9] = checksum >> 8;
      000164 AF*4E            [24]  949 	mov	r7,(_writeAprom_checksum_65536_84 + 1)
      000166 8F*09            [24]  950 	mov	(_uartBuf + 0x0009),r7
                                    951 ;	lib\isp_uart\isp_uart.c:181: sendPack();
                                    952 ;	lib\isp_uart\isp_uart.c:182: }
      000168 02r00r3D         [24]  953 	ljmp	_sendPack
                                    954 	.area CSEG    (CODE)
                                    955 	.area CONST   (CODE)
                                    956 	.area XINIT   (CODE)
                                    957 	.area CABS    (ABS,CODE)
